android/build/intermediates/manifest_merge_blame_file/debug/manifest-merger-blame-debug-report.txt
1<?xml version="1.0" encoding="utf-8"?>
2<manifest xmlns:android="http://schemas.android.com/apk/res/android"
3    package="com.proyecto26.inappbrowser" >
4
5    <uses-sdk
6        android:minSdkVersion="21"
6-->src/main/AndroidManifest.xml
7        android:targetSdkVersion="31" />
7-->src/main/AndroidManifest.xml
8
9    <uses-permission android:name="android.permission.INTERNET" />
9-->src/main/AndroidManifest.xml:5:5-67
9-->src/main/AndroidManifest.xml:5:22-64
10
11    <queries>
11-->src/main/AndroidManifest.xml:26:5-30:15
12        <intent>
12-->src/main/AndroidManifest.xml:27:9-29:18
13            <action android:name="android.support.customtabs.action.CustomTabsService" />
13-->src/main/AndroidManifest.xml:28:13-90
13-->src/main/AndroidManifest.xml:28:21-87
14        </intent>
15    </queries>
16
17    <application
17-->src/main/AndroidManifest.xml:7:5-24:19
18        android:launchMode="singleTask"
18-->src/main/AndroidManifest.xml:9:9-40
19        android:noHistory="true" >
19-->src/main/AndroidManifest.xml:8:9-33
20        <activity
20-->src/main/AndroidManifest.xml:11:9-14:20
21            android:name="com.proyecto26.inappbrowser.ChromeTabsManagerActivity"
21-->src/main/AndroidManifest.xml:12:13-54
22            android:exported="false" >
22-->src/main/AndroidManifest.xml:13:13-37
23        </activity>
24
25        <receiver
25-->src/main/AndroidManifest.xml:15:9-17:39
26            android:name="com.proyecto26.inappbrowser.BrowserActionsReceiver"
26-->src/main/AndroidManifest.xml:16:13-51
27            android:exported="true" />
27-->src/main/AndroidManifest.xml:17:13-36
28        <receiver
28-->src/main/AndroidManifest.xml:18:9-22:20
29            android:name="com.proyecto26.inappbrowser.BottomBarManager"
29-->src/main/AndroidManifest.xml:19:13-45
30            android:exported="true" >
30-->src/main/AndroidManifest.xml:20:13-36
31        </receiver>
32    </application>
33
34</manifest>